CaretakerApp/app/build/intermediates/manifest_merge_blame_file/release/manifest-merger-blame-release-report.txt
1<?xml version="1.0" encoding="utf-8"?>
2<manifest xmlns:android="http://schemas.android.com/apk/res/android"
3    package="com.mihir.alzheimerscaregiver.caretaker"
4    android:versionCode="1"
5    android:versionName="1.0" >
6
7    <uses-sdk
8        android:minSdkVersion="26"
9        android:targetSdkVersion="34" />
10
11    <uses-permission android:name="android.permission.INTERNET" />
11-->src\main\AndroidManifest.xml:5:5-67
11-->src\main\AndroidManifest.xml:5:22-64
12    <uses-permission android:name="android.permission.ACCESS_NETWORK_STATE" />
12-->src\main\AndroidManifest.xml:6:5-79
12-->src\main\AndroidManifest.xml:6:22-76
13    <uses-permission android:name="com.google.android.providers.gsf.permission.READ_GSERVICES" />
13-->[com.google.android.recaptcha:recaptcha:18.4.0] AndroidManifest.xml:9:5-98
13-->[com.google.android.recaptcha:recaptcha:18.4.0] AndroidManifest.xml:9:22-95
14
15    <permission
15-->[androidx.core:core:1.9.0] AndroidManifest.xml:22:5-24:47
16        android:name="com.mihir.alzheimerscaregiver.caretaker.DYNAMIC_RECEIVER_NOT_EXPORTED_PERMISSION"
16-->[androidx.core:core:1.9.0] AndroidManifest.xml:23:9-81
17        android:protectionLevel="signature" />
17-->[androidx.core:core:1.9.0] AndroidManifest.xml:24:9-44
18
19    <uses-permission android:name="com.mihir.alzheimerscaregiver.caretaker.DYNAMIC_RECEIVER_NOT_EXPORTED_PERMISSION" />
19-->[androidx.core:core:1.9.0] AndroidManifest.xml:26:5-97
19-->[androidx.core:core:1.9.0] AndroidManifest.xml:26:22-94
20
21    <application
21-->src\main\AndroidManifest.xml:8:5-54:19
22        android:allowBackup="true"
22-->src\main\AndroidManifest.xml:9:9-35
23        android:appComponentFactory="androidx.core.app.CoreComponentFactory"
23-->[androidx.core:core:1.9.0] AndroidManifest.xml:28:18-86
24        android:dataExtractionRules="@xml/data_extraction_rules"
24-->src\main\AndroidManifest.xml:10:9-65
25        android:extractNativeLibs="false"
26        android:fullBackupContent="@xml/backup_rules"
26-->src\main\AndroidManifest.xml:11:9-54
27        android:icon="@mipmap/ic_launcher"
27-->src\main\AndroidManifest.xml:12:9-43
28        android:label="@string/app_name"
28-->src\main\AndroidManifest.xml:13:9-41
29        android:roundIcon="@mipmap/ic_launcher_round"
29-->src\main\AndroidManifest.xml:14:9-54
30        android:supportsRtl="true"
30-->src\main\AndroidManifest.xml:15:9-35
31        android:theme="@style/Theme.CaretakerApp" >
31-->src\main\AndroidManifest.xml:16:9-50
32        <activity
32-->src\main\AndroidManifest.xml:19:9-27:20
33            android:name="com.mihir.alzheimerscaregiver.caretaker.auth.LoginActivity"
33-->src\main\AndroidManifest.xml:20:13-47
34            android:exported="true"
34-->src\main\AndroidManifest.xml:21:13-36
35            android:theme="@style/Theme.CaretakerApp.NoActionBar" >
35-->src\main\AndroidManifest.xml:22:13-66
36            <intent-filter>
36-->src\main\AndroidManifest.xml:23:13-26:29
37                <action android:name="android.intent.action.MAIN" />
37-->src\main\AndroidManifest.xml:24:17-69
37-->src\main\AndroidManifest.xml:24:25-66
38
39                <category android:name="android.intent.category.LAUNCHER" />
39-->src\main\AndroidManifest.xml:25:17-77
39-->src\main\AndroidManifest.xml:25:27-74
40            </intent-filter>
41        </activity>
42        <activity
42-->src\main\AndroidManifest.xml:29:9-32:69
43            android:name="com.mihir.alzheimerscaregiver.caretaker.auth.RegisterActivity"
43-->src\main\AndroidManifest.xml:30:13-50
44            android:exported="false"
44-->src\main\AndroidManifest.xml:31:13-37
45            android:theme="@style/Theme.CaretakerApp.NoActionBar" />
45-->src\main\AndroidManifest.xml:32:13-66
46        <activity
46-->src\main\AndroidManifest.xml:34:9-36:40
47            android:name="com.mihir.alzheimerscaregiver.caretaker.PatientLinkActivity"
47-->src\main\AndroidManifest.xml:35:13-48
48            android:exported="false" />
48-->src\main\AndroidManifest.xml:36:13-37
49        <activity
49-->src\main\AndroidManifest.xml:38:9-40:40
50            android:name="com.mihir.alzheimerscaregiver.caretaker.MainActivity"
50-->src\main\AndroidManifest.xml:39:13-41
51            android:exported="false" />
51-->src\main\AndroidManifest.xml:40:13-37
52        <activity
52-->src\main\AndroidManifest.xml:42:9-44:40
53            android:name="com.mihir.alzheimerscaregiver.caretaker.AddMedicationActivity"
53-->src\main\AndroidManifest.xml:43:13-50
54            android:exported="false" />
54-->src\main\AndroidManifest.xml:44:13-37
55        <activity
55-->src\main\AndroidManifest.xml:46:9-48:40
56            android:name="com.mihir.alzheimerscaregiver.caretaker.AddTaskActivity"
56-->src\main\AndroidManifest.xml:47:13-44
57            android:exported="false" />
57-->src\main\AndroidManifest.xml:48:13-37
58        <activity
58-->src\main\AndroidManifest.xml:50:9-52:40
59            android:name="com.mihir.alzheimerscaregiver.caretaker.AddEmergencyContactActivity"
59-->src\main\AndroidManifest.xml:51:13-56
60            android:exported="false" />
60-->src\main\AndroidManifest.xml:52:13-37
61        <activity
61-->[com.google.firebase:firebase-auth:22.3.1] AndroidManifest.xml:29:9-46:20
62            android:name="com.google.firebase.auth.internal.GenericIdpActivity"
62-->[com.google.firebase:firebase-auth:22.3.1] AndroidManifest.xml:30:13-80
63            android:excludeFromRecents="true"
63-->[com.google.firebase:firebase-auth:22.3.1] AndroidManifest.xml:31:13-46
64            android:exported="true"
64-->[com.google.firebase:firebase-auth:22.3.1] AndroidManifest.xml:32:13-36
65            android:launchMode="singleTask"
65-->[com.google.firebase:firebase-auth:22.3.1] AndroidManifest.xml:33:13-44
66            android:theme="@android:style/Theme.Translucent.NoTitleBar" >
66-->[com.google.firebase:firebase-auth:22.3.1] AndroidManifest.xml:34:13-72
67            <intent-filter>
67-->[com.google.firebase:firebase-auth:22.3.1] AndroidManifest.xml:35:13-45:29
68                <action android:name="android.intent.action.VIEW" />
68-->[com.google.firebase:firebase-auth:22.3.1] AndroidManifest.xml:36:17-69
68-->[com.google.firebase:firebase-auth:22.3.1] AndroidManifest.xml:36:25-66
69
70                <category android:name="android.intent.category.DEFAULT" />
70-->[com.google.firebase:firebase-auth:22.3.1] AndroidManifest.xml:38:17-76
70-->[com.google.firebase:firebase-auth:22.3.1] AndroidManifest.xml:38:27-73
71                <category android:name="android.intent.category.BROWSABLE" />
71-->[com.google.firebase:firebase-auth:22.3.1] AndroidManifest.xml:39:17-78
71-->[com.google.firebase:firebase-auth:22.3.1] AndroidManifest.xml:39:27-75
72
73                <data
73-->[com.google.firebase:firebase-auth:22.3.1] AndroidManifest.xml:41:17-44:51
74                    android:host="firebase.auth"
74-->[com.google.firebase:firebase-auth:22.3.1] AndroidManifest.xml:42:21-49
75                    android:path="/"
75-->[com.google.firebase:firebase-auth:22.3.1] AndroidManifest.xml:43:21-37
76                    android:scheme="genericidp" />
76-->[com.google.firebase:firebase-auth:22.3.1] AndroidManifest.xml:44:21-48
77            </intent-filter>
78        </activity>
79        <activity
79-->[com.google.firebase:firebase-auth:22.3.1] AndroidManifest.xml:47:9-64:20
80            android:name="com.google.firebase.auth.internal.RecaptchaActivity"
80-->[com.google.firebase:firebase-auth:22.3.1] AndroidManifest.xml:48:13-79
81            android:excludeFromRecents="true"
81-->[com.google.firebase:firebase-auth:22.3.1] AndroidManifest.xml:49:13-46
82            android:exported="true"
82-->[com.google.firebase:firebase-auth:22.3.1] AndroidManifest.xml:50:13-36
83            android:launchMode="singleTask"
83-->[com.google.firebase:firebase-auth:22.3.1] AndroidManifest.xml:51:13-44
84            android:theme="@android:style/Theme.Translucent.NoTitleBar" >
84-->[com.google.firebase:firebase-auth:22.3.1] AndroidManifest.xml:52:13-72
85            <intent-filter>
85-->[com.google.firebase:firebase-auth:22.3.1] AndroidManifest.xml:53:13-63:29
86                <action android:name="android.intent.action.VIEW" />
86-->[com.google.firebase:firebase-auth:22.3.1] AndroidManifest.xml:36:17-69
86-->[com.google.firebase:firebase-auth:22.3.1] AndroidManifest.xml:36:25-66
87
88                <category android:name="android.intent.category.DEFAULT" />
88-->[com.google.firebase:firebase-auth:22.3.1] AndroidManifest.xml:38:17-76
88-->[com.google.firebase:firebase-auth:22.3.1] AndroidManifest.xml:38:27-73
89                <category android:name="android.intent.category.BROWSABLE" />
89-->[com.google.firebase:firebase-auth:22.3.1] AndroidManifest.xml:39:17-78
89-->[com.google.firebase:firebase-auth:22.3.1] AndroidManifest.xml:39:27-75
90
91                <data
91-->[com.google.firebase:firebase-auth:22.3.1] AndroidManifest.xml:41:17-44:51
92                    android:host="firebase.auth"
92-->[com.google.firebase:firebase-auth:22.3.1] AndroidManifest.xml:42:21-49
93                    android:path="/"
93-->[com.google.firebase:firebase-auth:22.3.1] AndroidManifest.xml:43:21-37
94                    android:scheme="recaptcha" />
94-->[com.google.firebase:firebase-auth:22.3.1] AndroidManifest.xml:44:21-48
95            </intent-filter>
96        </activity>
97
98        <service
98-->[com.google.firebase:firebase-auth:22.3.1] AndroidManifest.xml:66:9-72:19
99            android:name="com.google.firebase.components.ComponentDiscoveryService"
99-->[com.google.firebase:firebase-auth:22.3.1] AndroidManifest.xml:67:13-84
100            android:directBootAware="true"
100-->[com.google.firebase:firebase-common:20.4.2] AndroidManifest.xml:32:13-43
101            android:exported="false" >
101-->[com.google.firebase:firebase-auth:22.3.1] AndroidManifest.xml:68:13-37
102            <meta-data
102-->[com.google.firebase:firebase-auth:22.3.1] AndroidManifest.xml:69:13-71:85
103                android:name="com.google.firebase.components:com.google.firebase.auth.FirebaseAuthRegistrar"
103-->[com.google.firebase:firebase-auth:22.3.1] AndroidManifest.xml:70:17-109
104                android:value="com.google.firebase.components.ComponentRegistrar" />
104-->[com.google.firebase:firebase-auth:22.3.1] AndroidManifest.xml:71:17-82
105            <meta-data
105-->[com.google.firebase:firebase-firestore:24.10.2] AndroidManifest.xml:17:13-19:85
106                android:name="com.google.firebase.components:com.google.firebase.firestore.FirebaseFirestoreKtxRegistrar"
106-->[com.google.firebase:firebase-firestore:24.10.2] AndroidManifest.xml:18:17-122
107                android:value="com.google.firebase.components.ComponentRegistrar" />
107-->[com.google.firebase:firebase-firestore:24.10.2] AndroidManifest.xml:19:17-82
108            <meta-data
108-->[com.google.firebase:firebase-firestore:24.10.2] AndroidManifest.xml:20:13-22:85
109                android:name="com.google.firebase.components:com.google.firebase.firestore.FirestoreRegistrar"
109-->[com.google.firebase:firebase-firestore:24.10.2] AndroidManifest.xml:21:17-111
110                android:value="com.google.firebase.components.ComponentRegistrar" />
110-->[com.google.firebase:firebase-firestore:24.10.2] AndroidManifest.xml:22:17-82
111            <meta-data
111-->[com.google.firebase:firebase-common-ktx:20.4.2] AndroidManifest.xml:12:13-14:85
112                android:name="com.google.firebase.components:com.google.firebase.ktx.FirebaseCommonLegacyRegistrar"
112-->[com.google.firebase:firebase-common-ktx:20.4.2] AndroidManifest.xml:13:17-116
113                android:value="com.google.firebase.components.ComponentRegistrar" />
113-->[com.google.firebase:firebase-common-ktx:20.4.2] AndroidManifest.xml:14:17-82
114            <meta-data
114-->[com.google.firebase:firebase-common:20.4.2] AndroidManifest.xml:35:13-37:85
115                android:name="com.google.firebase.components:com.google.firebase.FirebaseCommonKtxRegistrar"
115-->[com.google.firebase:firebase-common:20.4.2] AndroidManifest.xml:36:17-109
116                android:value="com.google.firebase.components.ComponentRegistrar" />
116-->[com.google.firebase:firebase-common:20.4.2] AndroidManifest.xml:37:17-82
117        </service>
118
119        <provider
119-->[com.google.firebase:firebase-common:20.4.2] AndroidManifest.xml:23:9-28:39
120            android:name="com.google.firebase.provider.FirebaseInitProvider"
120-->[com.google.firebase:firebase-common:20.4.2] AndroidManifest.xml:24:13-77
121            android:authorities="com.mihir.alzheimerscaregiver.caretaker.firebaseinitprovider"
121-->[com.google.firebase:firebase-common:20.4.2] AndroidManifest.xml:25:13-72
122            android:directBootAware="true"
122-->[com.google.firebase:firebase-common:20.4.2] AndroidManifest.xml:26:13-43
123            android:exported="false"
123-->[com.google.firebase:firebase-common:20.4.2] AndroidManifest.xml:27:13-37
124            android:initOrder="100" />
124-->[com.google.firebase:firebase-common:20.4.2] AndroidManifest.xml:28:13-36
125
126        <activity
126-->[com.google.android.gms:play-services-base:18.0.1] AndroidManifest.xml:20:9-22:45
127            android:name="com.google.android.gms.common.api.GoogleApiActivity"
127-->[com.google.android.gms:play-services-base:18.0.1] AndroidManifest.xml:20:19-85
128            android:exported="false"
128-->[com.google.android.gms:play-services-base:18.0.1] AndroidManifest.xml:22:19-43
129            android:theme="@android:style/Theme.Translucent.NoTitleBar" />
129-->[com.google.android.gms:play-services-base:18.0.1] AndroidManifest.xml:21:19-78
130
131        <provider
131-->[androidx.emoji2:emoji2:1.2.0] AndroidManifest.xml:24:9-32:20
132            android:name="androidx.startup.InitializationProvider"
132-->[androidx.emoji2:emoji2:1.2.0] AndroidManifest.xml:25:13-67
133            android:authorities="com.mihir.alzheimerscaregiver.caretaker.androidx-startup"
133-->[androidx.emoji2:emoji2:1.2.0] AndroidManifest.xml:26:13-68
134            android:exported="false" >
134-->[androidx.emoji2:emoji2:1.2.0] AndroidManifest.xml:27:13-37
135            <meta-data
135-->[androidx.emoji2:emoji2:1.2.0] AndroidManifest.xml:29:13-31:52
136                android:name="androidx.emoji2.text.EmojiCompatInitializer"
136-->[androidx.emoji2:emoji2:1.2.0] AndroidManifest.xml:30:17-75
137                android:value="androidx.startup" />
137-->[androidx.emoji2:emoji2:1.2.0] AndroidManifest.xml:31:17-49
138            <meta-data
138-->[androidx.lifecycle:lifecycle-process:2.6.1] AndroidManifest.xml:29:13-31:52
139                android:name="androidx.lifecycle.ProcessLifecycleInitializer"
139-->[androidx.lifecycle:lifecycle-process:2.6.1] AndroidManifest.xml:30:17-78
140                android:value="androidx.startup" />
140-->[androidx.lifecycle:lifecycle-process:2.6.1] AndroidManifest.xml:31:17-49
141            <meta-data
141-->[androidx.profileinstaller:profileinstaller:1.3.0] AndroidManifest.xml:29:13-31:52
142                android:name="androidx.profileinstaller.ProfileInstallerInitializer"
142-->[androidx.profileinstaller:profileinstaller:1.3.0] AndroidManifest.xml:30:17-85
143                android:value="androidx.startup" />
143-->[androidx.profileinstaller:profileinstaller:1.3.0] AndroidManifest.xml:31:17-49
144        </provider>
145
146        <meta-data
146-->[com.google.android.gms:play-services-basement:18.1.0] AndroidManifest.xml:21:9-23:69
147            android:name="com.google.android.gms.version"
147-->[com.google.android.gms:play-services-basement:18.1.0] AndroidManifest.xml:22:13-58
148            android:value="@integer/google_play_services_version" />
148-->[com.google.android.gms:play-services-basement:18.1.0] AndroidManifest.xml:23:13-66
149
150        <receiver
150-->[androidx.profileinstaller:profileinstaller:1.3.0] AndroidManifest.xml:34:9-52:20
151            android:name="androidx.profileinstaller.ProfileInstallReceiver"
151-->[androidx.profileinstaller:profileinstaller:1.3.0] AndroidManifest.xml:35:13-76
152            android:directBootAware="false"
152-->[androidx.profileinstaller:profileinstaller:1.3.0] AndroidManifest.xml:36:13-44
153            android:enabled="true"
153-->[androidx.profileinstaller:profileinstaller:1.3.0] AndroidManifest.xml:37:13-35
154            android:exported="true"
154-->[androidx.profileinstaller:profileinstaller:1.3.0] AndroidManifest.xml:38:13-36
155            android:permission="android.permission.DUMP" >
155-->[androidx.profileinstaller:profileinstaller:1.3.0] AndroidManifest.xml:39:13-57
156            <intent-filter>
156-->[androidx.profileinstaller:profileinstaller:1.3.0] AndroidManifest.xml:40:13-42:29
157                <action android:name="androidx.profileinstaller.action.INSTALL_PROFILE" />
157-->[androidx.profileinstaller:profileinstaller:1.3.0] AndroidManifest.xml:41:17-91
157-->[androidx.profileinstaller:profileinstaller:1.3.0] AndroidManifest.xml:41:25-88
158            </intent-filter>
159            <intent-filter>
159-->[androidx.profileinstaller:profileinstaller:1.3.0] AndroidManifest.xml:43:13-45:29
160                <action android:name="androidx.profileinstaller.action.SKIP_FILE" />
160-->[androidx.profileinstaller:profileinstaller:1.3.0] AndroidManifest.xml:44:17-85
160-->[androidx.profileinstaller:profileinstaller:1.3.0] AndroidManifest.xml:44:25-82
161            </intent-filter>
162            <intent-filter>
162-->[androidx.profileinstaller:profileinstaller:1.3.0] AndroidManifest.xml:46:13-48:29
163                <action android:name="androidx.profileinstaller.action.SAVE_PROFILE" />
163-->[androidx.profileinstaller:profileinstaller:1.3.0] AndroidManifest.xml:47:17-88
163-->[androidx.profileinstaller:profileinstaller:1.3.0] AndroidManifest.xml:47:25-85
164            </intent-filter>
165            <intent-filter>
165-->[androidx.profileinstaller:profileinstaller:1.3.0] AndroidManifest.xml:49:13-51:29
166                <action android:name="androidx.profileinstaller.action.BENCHMARK_OPERATION" />
166-->[androidx.profileinstaller:profileinstaller:1.3.0] AndroidManifest.xml:50:17-95
166-->[androidx.profileinstaller:profileinstaller:1.3.0] AndroidManifest.xml:50:25-92
167            </intent-filter>
168        </receiver>
169    </application>
170
171</manifest>